<?xml version="1.0" encoding="UTF-8" ?>
<testsuite tests="44" failures="0" name="ua.yandex.shad.tempseries.TemperatureSeriesAnalysisTest" time="0.047" errors="0" skipped="0">
  <properties>
[...]
</properties>
  <testcase classname="ua.yandex.shad.tempseries.TemperatureSeriesAnalysisTest" name="testAverageTest2" time="0.031"/>
  <testcase classname="ua.yandex.shad.tempseries.TemperatureSeriesAnalysisTest" name="testMinFailOnEmptyList" time="0"/>
  <testcase classname="ua.yandex.shad.tempseries.TemperatureSeriesAnalysisTest" name="testDeviationFailOnEmptyList" time="0"/>
  <testcase classname="ua.yandex.shad.tempseries.TemperatureSeriesAnalysisTest" name="testFindTempsLessThenFailOnEmptyList" time="0"/>
  <testcase classname="ua.yandex.shad.tempseries.TemperatureSeriesAnalysisTest" name="testFindTempClosestToZeroFailOnEmptyList" time="0.016"/>
  <testcase classname="ua.yandex.shad.tempseries.TemperatureSeriesAnalysisTest" name="testFindTempsGreaterThenFailOnEmptyList" time="0"/>
  <testcase classname="ua.yandex.shad.tempseries.TemperatureSeriesAnalysisTest" name="testFindTempsLessThen" time="0"/>
  <testcase classname="ua.yandex.shad.tempseries.TemperatureSeriesAnalysisTest" name="testMax" time="0"/>
  <testcase classname="ua.yandex.shad.tempseries.TemperatureSeriesAnalysisTest" name="testMin" time="0"/>
  <testcase classname="ua.yandex.shad.tempseries.TemperatureSeriesAnalysisTest" name="testDeviationTest2" time="0"/>
  <testcase classname="ua.yandex.shad.tempseries.TemperatureSeriesAnalysisTest" name="testDeviationTest3" time="0"/>
  <testcase classname="ua.yandex.shad.tempseries.TemperatureSeriesAnalysisTest" name="testTemperatureSeriesAnalysisFailWhenOutOfRange" time="0"/>
  <testcase classname="ua.yandex.shad.tempseries.TemperatureSeriesAnalysisTest" name="testMin2" time="0"/>
  <testcase classname="ua.yandex.shad.tempseries.TemperatureSeriesAnalysisTest" name="testAverage" time="0"/>
  <testcase classname="ua.yandex.shad.tempseries.TemperatureSeriesAnalysisTest" name="testSummaryStatistics" time="0"/>
  <testcase classname="ua.yandex.shad.tempseries.TemperatureSeriesAnalysisTest" name="testaddTemps" time="0"/>
  <testcase classname="ua.yandex.shad.tempseries.TemperatureSeriesAnalysisTest" name="testMaxFailOnEmptyList" time="0"/>
  <testcase classname="ua.yandex.shad.tempseries.TemperatureSeriesAnalysisTest" name="testFindTempClosestToValueTest4_1" time="0"/>
  <testcase classname="ua.yandex.shad.tempseries.TemperatureSeriesAnalysisTest" name="testFindTempClosestToValueTest4_2" time="0"/>
  <testcase classname="ua.yandex.shad.tempseries.TemperatureSeriesAnalysisTest" name="testFindTempClosestToValueTest5_1" time="0"/>
  <testcase classname="ua.yandex.shad.tempseries.TemperatureSeriesAnalysisTest" name="testFindTempClosestToValueTest5_2" time="0"/>
  <testcase classname="ua.yandex.shad.tempseries.TemperatureSeriesAnalysisTest" name="testFindTempClosestToValueTest5_3" time="0"/>
  <testcase classname="ua.yandex.shad.tempseries.TemperatureSeriesAnalysisTest" name="testFindTempClosestToValueTest5_4" time="0"/>
  <testcase classname="ua.yandex.shad.tempseries.TemperatureSeriesAnalysisTest" name="testFindTempClosestToValueTest5_5" time="0"/>
  <testcase classname="ua.yandex.shad.tempseries.TemperatureSeriesAnalysisTest" name="testFindTempClosestToValueTest6_1" time="0"/>
  <testcase classname="ua.yandex.shad.tempseries.TemperatureSeriesAnalysisTest" name="testFindTempClosestToValueTest6_2" time="0"/>
  <testcase classname="ua.yandex.shad.tempseries.TemperatureSeriesAnalysisTest" name="testFindTempClosestToValueTest7_1" time="0"/>
  <testcase classname="ua.yandex.shad.tempseries.TemperatureSeriesAnalysisTest" name="testFindTempClosestToValueTest7_2" time="0"/>
  <testcase classname="ua.yandex.shad.tempseries.TemperatureSeriesAnalysisTest" name="testFindTempClosestToValueTest7_3" time="0"/>
  <testcase classname="ua.yandex.shad.tempseries.TemperatureSeriesAnalysisTest" name="testFindTempClosestToValueTest8_1" time="0"/>
  <testcase classname="ua.yandex.shad.tempseries.TemperatureSeriesAnalysisTest" name="testFindTempClosestToValueTest8_2" time="0"/>
  <testcase classname="ua.yandex.shad.tempseries.TemperatureSeriesAnalysisTest" name="testSummaryStatisticsFailOnEmptyList" time="0"/>
  <testcase classname="ua.yandex.shad.tempseries.TemperatureSeriesAnalysisTest" name="testAverageFailOnEmptyList" time="0"/>
  <testcase classname="ua.yandex.shad.tempseries.TemperatureSeriesAnalysisTest" name="testaddTempsNewArrayFarBigger" time="0"/>
  <testcase classname="ua.yandex.shad.tempseries.TemperatureSeriesAnalysisTest" name="testDeviation" time="0"/>
  <testcase classname="ua.yandex.shad.tempseries.TemperatureSeriesAnalysisTest" name="testaddTempsAddArrayEmpty" time="0"/>
  <testcase classname="ua.yandex.shad.tempseries.TemperatureSeriesAnalysisTest" name="testSummaryStatisticsExpectedFail" time="0"/>
  <testcase classname="ua.yandex.shad.tempseries.TemperatureSeriesAnalysisTest" name="testFindTempClosestToValueTest2" time="0"/>
  <testcase classname="ua.yandex.shad.tempseries.TemperatureSeriesAnalysisTest" name="testFindTempClosestToValueTest3" time="0"/>
  <testcase classname="ua.yandex.shad.tempseries.TemperatureSeriesAnalysisTest" name="testFindTempClosestToValueFailOnEmptyList" time="0"/>
  <testcase classname="ua.yandex.shad.tempseries.TemperatureSeriesAnalysisTest" name="testFindTempsGreaterThen" time="0"/>
  <testcase classname="ua.yandex.shad.tempseries.TemperatureSeriesAnalysisTest" name="testTemperatureSeriesAnalysisBasicConstructor" time="0"/>
  <testcase classname="ua.yandex.shad.tempseries.TemperatureSeriesAnalysisTest" name="testFindTempClosestToZero" time="0"/>
  <testcase classname="ua.yandex.shad.tempseries.TemperatureSeriesAnalysisTest" name="testFindTempClosestToValue" time="0"/>
</testsuite>